"../../../Engine/Content/Functions/Engine_MaterialFunctions01/Opacity/CameraDepthFade.uasset" 0
"../../../Engine/Content/EngineMaterials/T_Default_Material_Grid_M.uasset" 1
"../../../Engine/Content/EngineMaterials/T_Default_Material_Grid_N.uasset" 2
"../../../Engine/Content/EngineMaterials/WorldGridMaterial.uasset" 3
"../../../Engine/Content/ArtTools/RenderToTexture/Meshes/S_1_Unit_Plane.uasset" 4
"../../../Engine/Content/EngineMaterials/DefaultMaterial.uasset" 5
"../../../Engine/Content/BasicShapes/Cone.uasset" 6
"../../../Engine/Content/BasicShapes/Cube.uasset" 7
"../../../Engine/Content/BasicShapes/Cylinder.uasset" 8
"../../../Engine/Content/BasicShapes/Plane.uasset" 9
"../../../Engine/Content/BasicShapes/Sphere.uasset" 10
"../../../Engine/Content/EngineMaterials/DefaultPhysicalMaterial.uasset" 11
"../../../Engine/Content/BufferVisualization/AmbientOcclusion.uasset" 12
"../../../Engine/Content/BufferVisualization/BaseColor.uasset" 13
"../../../Engine/Content/BufferVisualization/CustomDepth.uasset" 14
"../../../Engine/Content/Functions/Engine_MaterialFunctions02/Utility/VectorLength.uasset" 15
"../../../Engine/Content/BufferVisualization/CustomDepthWorldUnits.uasset" 16
"../../../Engine/Content/Functions/Engine_MaterialFunctions02/Utility/BreakOutFloat2Components.uasset" 17
"../../../Engine/Content/Functions/Engine_MaterialFunctions01/Texturing/ScaleUVsByCenter.uasset" 18
"../../../Engine/Content/Functions/Engine_MaterialFunctions02/ScreenResolution.uasset" 19
"../../../Engine/Content/Functions/Engine_MaterialFunctions02/Texturing/ScreenAlignedUVs.uasset" 20
"../../../Engine/Content/Functions/Engine_MaterialFunctions02/Utility/MakeFloat2.uasset" 21
"../../../Engine/Content/Functions/Engine_MaterialFunctions02/Utility/MakeFloat3.uasset" 22
"../../../Engine/Content/EngineMaterials/MiniFont.uasset" 23
"../../../Engine/Content/BufferVisualization/CustomStencil.uasset" 24
"../../../Engine/Content/BufferVisualization/FinalImage.uasset" 25
"../../../Engine/Content/BufferVisualization/LightingModel.uasset" 26
"../../../Engine/Content/BufferVisualization/MaterialAO.uasset" 27
"../../../Engine/Content/BufferVisualization/Metallic.uasset" 28
"../../../Engine/Content/BufferVisualization/Opacity.uasset" 29
"../../../Engine/Content/BufferVisualization/PostTonemapHDRColor.uasset" 30
"../../../Engine/Content/BufferVisualization/PreTonemapHDRColor.uasset" 31
"../../../Engine/Content/BufferVisualization/Roughness.uasset" 32
"../../../Engine/Content/BufferVisualization/SceneColor.uasset" 33
"../../../Engine/Content/BufferVisualization/SceneDepth.uasset" 34
"../../../Engine/Content/BufferVisualization/SceneDepthWorldUnits.uasset" 35
"../../../Engine/Content/BufferVisualization/SeparateTranslucencyA.uasset" 36
"../../../Engine/Content/BufferVisualization/SeparateTranslucencyRGB.uasset" 37
"../../../Engine/Content/BufferVisualization/Specular.uasset" 38
"../../../Engine/Content/BufferVisualization/SubsurfaceColor.uasset" 39
"../../../Engine/Content/BufferVisualization/WorldNormal.uasset" 40
"../../../Engine/Content/EditorLandscapeResources/DataLayer.uasset" 41
"../../../Engine/Content/EditorLandscapeResources/DefaultAlphaTexture.uasset" 42
"../../../Engine/Content/EditorLandscapeResources/LandscapeGizmoHeight_Mat.uasset" 43
"../../../Engine/Content/EditorLandscapeResources/LandscapeGizmo_Mat.uasset" 44
"../../../Engine/Content/EditorLandscapeResources/LandscapeGizmo_Mat_Copied.uasset" 45
"../../../Engine/Content/EditorLandscapeResources/SplineEditorMeshMat.uasset" 46
"../../../Engine/Content/EditorLandscapeResources/SplineEditorMesh.uasset" 47
"../../../Engine/Content/EditorMaterials/Cross.uasset" 48
"../../../Engine/Content/EditorMaterials/Cross_Mat.uasset" 49
"../../../Engine/Content/EditorMaterials/GizmoMaterial.uasset" 50
"../../../Engine/Content/Functions/Engine_MaterialFunctions02/ExampleContent/Textures/flipbook.uasset" 51
"../../../Engine/Content/Functions/Engine_MaterialFunctions02/Texturing/FlipBook.uasset" 52
"../../../Engine/Content/Functions/Engine_MaterialFunctions02/Utility/Sign.uasset" 53
"../../../Engine/Content/Functions/Engine_MaterialFunctions02/Utility/Round.uasset" 54
"../../../Engine/Content/EditorResources/T_EditorHelp.uasset" 55
"../../../Engine/Content/EditorMaterials/HelpActorMaterial.uasset" 56
"../../../Engine/Content/EditorMaterials/CompositeARGBLayer.uasset" 57
"../../../Engine/Content/EditorMaterials/TilingAALineIntegral.uasset" 58
"../../../Engine/Content/EditorMaterials/TilingAALineBoxFiltered.uasset" 59
"../../../Engine/Content/Functions/Engine_MaterialFunctions03/Procedurals/ComputeFilterWidth.uasset" 60
"../../../Engine/Content/EditorMaterials/TilingAADots.uasset" 61
"../../../Engine/Content/EngineMaterials/BlendFunc_DefBase.uasset" 62
"../../../Engine/Content/EngineMaterials/BlendFunc_DefBlend.uasset" 63
"../../../Engine/Content/Functions/Engine_MaterialFunctions03/Blends/Blend_Screen.uasset" 64
"../../../Engine/Content/EditorMaterials/TilingAAGrid.uasset" 65
"../../../Engine/Content/EditorMaterials/LevelGridMaterial.uasset" 66
"../../../Engine/Content/EditorMaterials/MakeCompositeARGBLayer.uasset" 67
"../../../Engine/Content/EditorResources/LevelGrid1DStripes.uasset" 68
"../../../Engine/Content/EditorMaterials/TextureGridCascaded1D.uasset" 69
"../../../Engine/Content/EditorMaterials/TextureGridCascaded2D.uasset" 70
"../../../Engine/Content/EditorMaterials/LevelGridMaterial2.uasset" 71
"../../../Engine/Content/EditorMaterials/MAT_Groups_Toggle.uasset" 72
"../../../Engine/Content/EditorMaterials/MAT_Groups_Visibility.uasset" 73
"../../../Engine/Content/EditorMaterials/PhAT_BoneSelectedMaterial.uasset" 74
"../../../Engine/Content/EditorMaterials/PhAT_ElemSelectedMaterial.uasset" 75
"../../../Engine/Content/EditorMaterials/PhAT_NoCollisionMaterial.uasset" 76
"../../../Engine/Content/EditorMaterials/PhAT_UnselectedMaterial.uasset" 77
"../../../Engine/Content/EditorMaterials/PreviewShadowIndicator.uasset" 78
"../../../Engine/Content/EditorMaterials/PreviewShadowIndicatorMaterial.uasset" 79
"../../../Engine/Content/EditorMaterials/TargetIcon.uasset" 80
"../../../Engine/Content/EditorMaterials/Tick.uasset" 81
"../../../Engine/Content/EditorMaterials/Tick_Mat.uasset" 82
"../../../Engine/Content/EditorMaterials/WidgetGridVertexColorMaterial.uasset" 83
"../../../Engine/Content/EditorMaterials/WidgetGridVertexColorMaterial_Ma.uasset" 84
"../../../Engine/Content/EditorMaterials/WidgetMaterial.uasset" 85
"../../../Engine/Content/EditorMaterials/WidgetMaterial_Current.uasset" 86
"../../../Engine/Content/EditorMaterials/WidgetMaterial_X.uasset" 87
"../../../Engine/Content/EditorMaterials/WidgetMaterial_Y.uasset" 88
"../../../Engine/Content/EditorMaterials/WidgetMaterial_Z.uasset" 89
"../../../Engine/Content/EditorMaterials/WidgetVertexColorMaterial.uasset" 90
"../../../Engine/Content/EditorMaterials/AssetViewer/EpicQuadPanorama_CC+EV1.uasset" 91
"../../../Engine/Content/MapTemplates/Sky/SunsetAmbientCubemap.uasset" 92
"../../../Engine/Content/EditorMaterials/AssetViewer/M_SkyBox.uasset" 93
"../../../Engine/Content/EditorMaterials/MatineeGroups/MAT_ColorTrack.uasset" 94
"../../../Engine/Content/EditorMaterials/MatineeGroups/MAT_Groups_Anim.uasset" 95
"../../../Engine/Content/EditorMaterials/MatineeGroups/MAT_Groups_AudioMaster.uasset" 96
"../../../Engine/Content/EditorMaterials/MatineeGroups/MAT_Groups_Director.uasset" 97
"../../../Engine/Content/EditorMaterials/MatineeGroups/MAT_Groups_Event.uasset" 98
"../../../Engine/Content/EditorMaterials/MatineeGroups/MAT_Groups_Fade.uasset" 99
"../../../Engine/Content/EditorMaterials/MatineeGroups/MAT_Groups_Float.uasset" 100
"../../../Engine/Content/EditorMaterials/MatineeGroups/MAT_Groups_Move.uasset" 101
"../../../Engine/Content/EditorMaterials/MatineeGroups/MAT_Groups_Slomo.uasset" 102
"../../../Engine/Content/EditorMaterials/MatineeGroups/MAT_Groups_Sound.uasset" 103
"../../../Engine/Content/EditorMaterials/MatineeGroups/MAT_Groups_Vector.uasset" 104
"../../../Engine/Content/EditorMaterials/ParticleSystems/PSysThumbnail_NoImage.uasset" 105
"../../../Engine/Content/EditorMaterials/ParticleSystems/PSysThumbnail_OOD.uasset" 106
"../../../Engine/Content/EngineMaterials/Grid.uasset" 107
"../../../Engine/Content/EditorMaterials/Thumbnails/FloorPlaneMaterial.uasset" 108
"../../../Engine/Content/EditorMeshes/EditorCube.uasset" 109
"../../../Engine/Content/EditorMeshes/EditorCylinder.uasset" 110
"../../../Engine/Content/EditorMeshes/EditorPlane.uasset" 111
"../../../Engine/Content/EditorMaterials/Thumbnails/SkySphereMaterial.uasset" 112
"../../../Engine/Content/EditorMeshes/EditorSkySphere.uasset" 113
"../../../Engine/Content/EditorMeshes/EditorSphere.uasset" 114
"../../../Engine/Content/EditorResources/MatineeCam_D.uasset" 115
"../../../Engine/Content/EditorMaterials/MatineeCam_mat.uasset" 116
"../../../Engine/Content/EditorMeshes/MatineeCam_SM.uasset" 117
"../../../Engine/Content/Functions/Engine_MaterialFunctions01/Shading/ConvertFromDiffSpec.uasset" 118
"../../../Engine/Content/EditorMaterials/GridMaterial.uasset" 119
"../../../Engine/Content/EditorMeshes/AssetViewer/Floor_Mesh.uasset" 120
"../../../Engine/Content/EditorMeshes/AssetViewer/Sphere_inversenormals.uasset" 121
"../../../Engine/Content/EditorMaterials/Camera/CineMat.uasset" 122
"../../../Engine/Content/EditorMaterials/Camera/MI_CineMat_CameraBody.uasset" 123
"../../../Engine/Content/EngineDebugMaterials/M_SimpleOpaque.uasset" 124
"../../../Engine/Content/EditorMaterials/Camera/MI_CineMat_CamViewFinder.uasset" 125
"../../../Engine/Content/EditorMeshes/Camera/SM_CineCam.uasset" 126
"../../../Engine/Content/EditorMaterials/Camera/MI_CineMat_Rig.uasset" 127
"../../../Engine/Content/EditorMeshes/Camera/SM_CraneRig_Arm.uasset" 128
"../../../Engine/Content/EditorMeshes/Camera/SM_CraneRig_Base.uasset" 129
"../../../Engine/Content/EditorMeshes/Camera/SM_CraneRig_Body.uasset" 130
"../../../Engine/Content/EditorMeshes/Camera/SM_CraneRig_Mount.uasset" 131
"../../../Engine/Content/EditorMeshes/Camera/SM_RailRig_Mount.uasset" 132
"../../../Engine/Content/EditorMeshes/Camera/SM_RailRig_Track.uasset" 133
"../../../Engine/Content/EditorResources/Bad.uasset" 134
"../../../Engine/Content/EditorResources/BSPVertex.uasset" 135
"../../../Engine/Content/EditorResources/EmptyActor.uasset" 136
"../../../Engine/Content/EditorResources/MatInstActSprite.uasset" 137
"../../../Engine/Content/EditorResources/SceneManager.uasset" 138
"../../../Engine/Content/EditorResources/SmallFont.uasset" 139
"../../../Engine/Content/EditorResources/S_Actor.uasset" 140
"../../../Engine/Content/EditorResources/S_DecalActorIcon.uasset" 141
"../../../Engine/Content/EditorResources/S_Emitter.uasset" 142
"../../../Engine/Content/EditorResources/S_ExpoHeightFog.uasset" 143
"../../../Engine/Content/EditorResources/S_FTest.uasset" 144
"../../../Engine/Content/EditorResources/S_KBSJoint.uasset" 145
"../../../Engine/Content/EditorResources/S_KHinge.uasset" 146
"../../../Engine/Content/EditorResources/S_KPrismatic.uasset" 147
"../../../Engine/Content/EditorResources/S_LevelSequence.uasset" 148
"../../../Engine/Content/EditorResources/S_NavP.uasset" 149
"../../../Engine/Content/EditorResources/S_Note.uasset" 150
"../../../Engine/Content/EditorResources/S_Player.uasset" 151
"../../../Engine/Content/EditorResources/S_PortalActorIcon2.uasset" 152
"../../../Engine/Content/EditorResources/S_RadForce.uasset" 153
"../../../Engine/Content/EditorResources/S_ReflActorIcon.uasset" 154
"../../../Engine/Content/EditorResources/S_Terrain.uasset" 155
"../../../Engine/Content/EditorResources/S_TextRenderActorIcon.uasset" 156
"../../../Engine/Content/EditorResources/S_Thruster.uasset" 157
"../../../Engine/Content/EditorResources/S_Trigger.uasset" 158
"../../../Engine/Content/EditorResources/S_VectorFieldVol.uasset" 159
"../../../Engine/Content/EditorResources/S_WindDirectional.uasset" 160
"../../../Engine/Content/EditorResources/AI/S_NavLink.uasset" 161
"../../../Engine/Content/EditorResources/LightIcons/SkyLight.uasset" 162
"../../../Engine/Content/EditorResources/LightIcons/S_LightDirectional.uasset" 163
"../../../Engine/Content/EditorResources/LightIcons/S_LightDirectionalMove.uasset" 164
"../../../Engine/Content/EditorResources/LightIcons/S_LightError.uasset" 165
"../../../Engine/Content/EditorResources/LightIcons/S_LightPoint.uasset" 166
"../../../Engine/Content/EditorResources/LightIcons/S_LightPointMove.uasset" 167
"../../../Engine/Content/EditorResources/LightIcons/S_LightSpot.uasset" 168
"../../../Engine/Content/EditorResources/LightIcons/S_LightSpotMove.uasset" 169
"../../../Engine/Content/EditorResources/SequenceRecorder/Countdown.uasset" 170
"../../../Engine/Content/EditorResources/SequenceRecorder/RecordingIndicator.uasset" 171
"../../../Engine/Content/EditorResources/Spline/T_Loft_Spline.uasset" 172
"../../../Engine/Content/EditorSounds/GamePreview/PossessPlayer.uasset" 173
"../../../Engine/Content/EditorSounds/GamePreview/PossessPlayer_Cue.uasset" 174
"../../../Engine/Content/EditorSounds/Notifications/CompileFailed.uasset" 175
"../../../Engine/Content/EditorSounds/Notifications/CompileFailed_Cue.uasset" 176
"../../../Engine/Content/EditorSounds/Notifications/CompileSuccess.uasset" 177
"../../../Engine/Content/EditorSounds/Notifications/CompileStart_Cue.uasset" 178
"../../../Engine/Content/EditorSounds/Notifications/CompileSuccess_Cue.uasset" 179
"../../../Engine/Content/EngineDamageTypes/DmgTypeBP_Environmental.uasset" 180
"../../../Engine/Content/EngineDebugMaterials/HeatmapGradient.uasset" 181
"../../../Engine/Content/EngineDebugMaterials/BoneWeightMaterial.uasset" 182
"../../../Engine/Content/EngineDebugMaterials/ClothMaterial.uasset" 183
"../../../Engine/Content/EngineDebugMaterials/ClothMaterial_WF.uasset" 184
"../../../Engine/Content/EngineDebugMaterials/DebugEditorMaterial.uasset" 185
"../../../Engine/Content/EngineDebugMaterials/DebugMeshMaterial.uasset" 186
"../../../Engine/Content/EngineDebugMaterials/GeomMaterial.uasset" 187
"../../../Engine/Content/EngineDebugMaterials/LevelColorationLitMaterial.uasset" 188
"../../../Engine/Content/EngineDebugMaterials/LevelColorationUnlitMaterial.uasset" 189
"../../../Engine/Content/EngineMaterials/DefaultWhiteGrid.uasset" 190
"../../../Engine/Content/EngineDebugMaterials/MAT_LevelColorationLitLightmapUV.uasset" 191
"../../../Engine/Content/EngineDebugMaterials/M_SimpleTranslucent.uasset" 192
"../../../Engine/Content/EngineDebugMaterials/ShadedLevelColorationLitMaterial.uasset" 193
"../../../Engine/Content/EngineDebugMaterials/ShadedLevelColorationUnlitMateri.uasset" 194
"../../../Engine/Content/EngineDebugMaterials/VertexColorMaterial.uasset" 195
"../../../Engine/Content/EngineDebugMaterials/VertexColorViewMode_AlphaAsColor.uasset" 196
"../../../Engine/Content/EngineDebugMaterials/VertexColorViewMode_BlueOnly.uasset" 197
"../../../Engine/Content/EngineDebugMaterials/VertexColorViewMode_ColorOnly.uasset" 198
"../../../Engine/Content/EngineDebugMaterials/VertexColorViewMode_GreenOnly.uasset" 199
"../../../Engine/Content/EngineDebugMaterials/VertexColorViewMode_RedOnly.uasset" 200
"../../../Engine/Content/EngineDebugMaterials/WireframeMaterial.uasset" 201
"../../../Engine/Content/EngineFonts/Faces/RobotoBold.uasset" 202
"../../../Engine/Content/EngineFonts/Faces/RobotoBoldItalic.uasset" 203
"../../../Engine/Content/EngineFonts/Faces/RobotoItalic.uasset" 204
"../../../Engine/Content/EngineFonts/Faces/RobotoLight.uasset" 205
"../../../Engine/Content/EngineFonts/Faces/RobotoRegular.uasset" 206
"../../../Engine/Content/EngineFonts/Roboto.uasset" 207
"../../../Engine/Content/EngineFonts/Faces/RobotoTiny.uasset" 208
"../../../Engine/Content/EngineFonts/RobotoTiny.uasset" 209
"../../../Engine/Content/EngineFonts/SmallFont.uasset" 210
"../../../Engine/Content/EngineFonts/TinyFont.uasset" 211
"../../../Engine/Content/EngineMaterials/BaseFlattenDiffuseMap.uasset" 212
"../../../Engine/Content/EngineMaterials/BaseFlattenEmissiveMap.uasset" 213
"../../../Engine/Content/EngineMaterials/BaseFlattenGrayscaleMap.uasset" 214
"../../../Engine/Content/EngineMaterials/BaseFlattenNormalMap.uasset" 215
"../../../Engine/Content/EngineMaterials/BaseFlattenMaterial.uasset" 216
"../../../Engine/Content/EngineResources/WhiteSquareTexture.uasset" 217
"../../../Engine/Content/EngineMaterials/BlinkingCaret.uasset" 218
"../../../Engine/Content/EngineMaterials/DefaultBloomKernel.uasset" 219
"../../../Engine/Content/EngineMaterials/DefaultBokeh.uasset" 220
"../../../Engine/Content/EngineMaterials/DefaultDiffuse.uasset" 221
"../../../Engine/Content/EngineMaterials/DefaultDeferredDecalMaterial.uasset" 222
"../../../Engine/Content/EngineMaterials/DefaultLightFunctionMaterial.uasset" 223
"../../../Engine/Content/EngineMaterials/DefaultNormal.uasset" 224
"../../../Engine/Content/EngineMaterials/DefaultPostProcessMaterial.uasset" 225
"../../../Engine/Content/EngineFonts/RobotoDistanceField.uasset" 226
"../../../Engine/Content/EngineMaterials/DefaultTextMaterialOpaque.uasset" 227
"../../../Engine/Content/EngineMaterials/EditorBrushMaterial.uasset" 228
"../../../Engine/Content/EngineMaterials/Grid_N.uasset" 229
"../../../Engine/Content/EngineMaterials/HighResolutionScreenshotMaskFunction.uasset" 230
"../../../Engine/Content/EngineMaterials/HighResScreenshot.uasset" 231
"../../../Engine/Content/EngineMaterials/HighResScreenshotCaptureRegion.uasset" 232
"../../../Engine/Content/EngineMaterials/HighResScreenshotMask.uasset" 233
"../../../Engine/Content/EngineMaterials/LandscapeHolePhysicalMaterial.uasset" 234
"../../../Engine/Content/EngineMaterials/InvalidLightmapSettings.uasset" 235
"../../../Engine/Content/EngineMaterials/M_InvalidLightmapSettings.uasset" 236
"../../../Engine/Content/EngineMaterials/PaperDiffuse.uasset" 237
"../../../Engine/Content/EngineMaterials/PaperNormal.uasset" 238
"../../../Engine/Content/Functions/Engine_MaterialFunctions02/WorldPositionOffset/CameraOffset.uasset" 239
"../../../Engine/Content/EngineMaterials/PhAT_JointLimitMaterial.uasset" 240
"../../../Engine/Content/EngineMaterials/PhysMat_Rubber.uasset" 241
"../../../Engine/Content/EngineMaterials/PreintegratedSkinBRDF.uasset" 242
"../../../Engine/Content/EngineMaterials/RemoveSurfaceMaterial.uasset" 243
"../../../Engine/Content/EngineMaterials/WeightMapPlaceholderTexture.uasset" 244
"../../../Engine/Content/EngineMaterials/Widget3DPassThrough.uasset" 245
"../../../Engine/Content/EngineMaterials/Widget3DPassThrough_Masked.uasset" 246
"../../../Engine/Content/EngineMaterials/Widget3DPassThrough_Opaque.uasset" 247
"../../../Engine/Content/EngineMaterials/Widget3DPassThrough_Masked_OneSided.uasset" 248
"../../../Engine/Content/EngineMaterials/Widget3DPassThrough_Opaque_OneSided.uasset" 249
"../../../Engine/Content/EngineMaterials/Widget3DPassThrough_Translucent.uasset" 250
"../../../Engine/Content/EngineMaterials/Widget3DPassThrough_Translucent_OneSided.uasset" 251
"../../../Engine/Content/EngineMeshes/Cylinder.uasset" 252
"../../../Engine/Content/EngineMeshes/Sphere.uasset" 253
"../../../Engine/Content/EngineResources/DefaultTexture.uasset" 254
"../../../Engine/Content/EngineResources/DefaultTextureCube.uasset" 255
"../../../Engine/Content/EngineResources/DefaultVolumeTexture2D.uasset" 256
"../../../Engine/Content/EngineResources/DefaultVolumeTexture.uasset" 257
"../../../Engine/Content/EngineResources/GradientTexture0.uasset" 258
"../../../Engine/Content/EngineResources/StreamingPauseIcon.uasset" 259
"../../../Engine/Content/EngineResources/M_StreamingPause.uasset" 260
"../../../Engine/Content/EngineSounds/Master.uasset" 261
"../../../Engine/Content/Functions/Engine_MaterialFunctions01/Shading/PowerToRoughness.uasset" 262
"../../../Engine/Content/Maps/Templates/Thumbnails/Default.uasset" 263
"../../../Engine/Content/Maps/Templates/Thumbnails/VR-Basic.uasset" 264
"../../../Engine/Content/MapTemplates/Sky/DaylightAmbientCubemap.uasset" 265
"../../../Engine/Content/MobileResources/T_MobileControls_texture.uasset" 266
"../../../Engine/Content/MobileResources/T_MobileMenu2.uasset" 267
"../../../Engine/Content/MobileResources/HUD/AnalogHat.uasset" 268
"../../../Engine/Content/MobileResources/HUD/VirtualJoystick_Background.uasset" 269
"../../../Engine/Content/MobileResources/HUD/VirtualJoystick_Thumb.uasset" 270
"../../../Engine/Content/MobileResources/HUD/DefaultVirtualJoysticks.uasset" 271
"../../../Engine/Content/MobileResources/HUD/LeftVirtualJoystickOnly.uasset" 272
"../../../Engine/Content/MobileResources/HUD/MobileHUDButton1_off.uasset" 273
"../../../Engine/Content/MobileResources/HUD/MobileHUDButton1_on.uasset" 274
"../../../Engine/Content/MobileResources/HUD/MobileHUDButton2_off.uasset" 275
"../../../Engine/Content/MobileResources/HUD/MobileHUDButton2_on.uasset" 276
"../../../Engine/Content/MobileResources/HUD/MobileHUDButton3.uasset" 277
"../../../Engine/Content/MobileResources/HUD/MobileHUDButtonFire.uasset" 278
"../../../Engine/Content/MobileResources/HUD/MobileHUDDirectionPad.uasset" 279
"../../../Engine/Content/MobileResources/HUD/MobileHUDDirectionPad2.uasset" 280
"../../../Engine/Content/MobileResources/HUD/MobileHUDDirectionPad3.uasset" 281
"../../../Engine/Content/MobileResources/HUD/MobileHUDDirectionStick.uasset" 282
"../../../Engine/Content/MobileResources/HUD/T_Castle_ThumbstickInner.uasset" 283
"../../../Engine/Content/MobileResources/HUD/T_Castle_ThumbstickOutter.uasset" 284
"../../../Engine/Content/EngineFonts/Faces/DroidSansMono.uasset" 285
"../../../Engine/Content/EngineFonts/DroidSansMono.uasset" 286
"../../../Engine/Content/Sequencer/DefaultBurnInOptions.uasset" 287
"../../../Engine/Content/Sequencer/DefaultBurnIn.uasset" 288
"../../../Engine/Content/Tutorial/ContentIntroCurve.uasset" 289
"../../../Engine/Content/Tutorial/Basics/TutorialAssets/icon_tab_Levels_40x.uasset" 290
"../../../Engine/Content/Tutorial/Mobile/TutorialAssets/android_Icon.uasset" 291
"../../../Engine/Content/VREditor/LaserPointer/VR_LaserPower_01.uasset" 292
"../../../Engine/Content/VREditor/TransformGizmo/TransformGizmoMaterial.uasset" 293
"../../../Engine/Content/VREditor/TransformGizmo/TranslucentTransformGizmoMaterial.uasset" 294
"../../../Engine/Content/VREditor/TransformGizmo/BoundingBoxCorner.uasset" 295
"../../../Engine/Content/VREditor/TransformGizmo/BoundingBoxEdge.uasset" 296
"../../../Engine/Content/VREditor/TransformGizmo/PlaneTranslationHandle.uasset" 297
"../../../Engine/Content/VREditor/TransformGizmo/Main.uasset" 298
"../../../Engine/Content/VREditor/TransformGizmo/Xray.uasset" 299
"../../../Engine/Content/VREditor/TransformGizmo/SM_Sequencer_Key.uasset" 300
"../../../Engine/Content/VREditor/TransformGizmo/SM_Sequencer_Node.uasset" 301
"../../../../../../Users/Hiran/Documents/Unreal Projects/MyProject/Content/ThirdPersonBP/Erica/erika_archer_bow_arrow_Skeleton.uasset" 302
"../../../../../../Users/Hiran/Documents/Unreal Projects/MyProject/Content/ThirdPersonBP/Erica/Animations/standing_idle_02_looking.uasset" 303
"../../../../../../Users/Hiran/Documents/Unreal Projects/MyProject/Content/ThirdPersonBP/Erica/Animations/Standing_Run_Forward_Anim.uasset" 304
"../../../../../../Users/Hiran/Documents/Unreal Projects/MyProject/Content/ThirdPersonBP/Erica/ericaBs.uasset" 305
"../../../Engine/Content/EditorBlueprintResources/StandardMacros.uasset" 306
"../../../../../../Users/Hiran/Documents/Unreal Projects/MyProject/Content/ThirdPersonBP/Erica/ericaBP.uasset" 307
"../../../../../../Users/Hiran/Documents/Unreal Projects/MyProject/Content/ThirdPersonBP/Erica/Erika_Archer_Clothes_diffuse.uasset" 308
"../../../../../../Users/Hiran/Documents/Unreal Projects/MyProject/Content/ThirdPersonBP/Erica/Erika_Archer_Clothes_normal.uasset" 309
"../../../../../../Users/Hiran/Documents/Unreal Projects/MyProject/Content/ThirdPersonBP/Erica/Akai_MAT.uasset" 310
"../../../../../../Users/Hiran/Documents/Unreal Projects/MyProject/Content/ThirdPersonBP/Erica/FemaleFitA_Body_diffuse.uasset" 311
"../../../../../../Users/Hiran/Documents/Unreal Projects/MyProject/Content/ThirdPersonBP/Erica/FemaleFitA_StdNM.uasset" 312
"../../../../../../Users/Hiran/Documents/Unreal Projects/MyProject/Content/ThirdPersonBP/Erica/Body_MAT.uasset" 313
"../../../../../../Users/Hiran/Documents/Unreal Projects/MyProject/Content/ThirdPersonBP/Erica/Bow_DIFF.uasset" 314
"../../../../../../Users/Hiran/Documents/Unreal Projects/MyProject/Content/ThirdPersonBP/Erica/Bow_NM.uasset" 315
"../../../../../../Users/Hiran/Documents/Unreal Projects/MyProject/Content/ThirdPersonBP/Erica/Bow_MAT.uasset" 316
"../../../../../../Users/Hiran/Documents/Unreal Projects/MyProject/Content/ThirdPersonBP/Erica/EyeSpec_MAT.uasset" 317
"../../../../../../Users/Hiran/Documents/Unreal Projects/MyProject/Content/ThirdPersonBP/Erica/Lashes_MAT.uasset" 318
"../../../../../../Users/Hiran/Documents/Unreal Projects/MyProject/Content/ThirdPersonBP/Erica/erika_archer_bow_arrow_PhysicsAsset.uasset" 319
"../../../../../../Users/Hiran/Documents/Unreal Projects/MyProject/Content/ThirdPersonBP/Erica/erika_archer_bow_arrow.uasset" 320
"../../../../../../Users/Hiran/Documents/Unreal Projects/MyProject/Content/ThirdPersonBP/Blueprints/ThirdPersonCharacter.uasset" 321
"../../../../../../Users/Hiran/Documents/Unreal Projects/MyProject/Content/ThirdPersonBP/Blueprints/ThirdPersonGameMode.uasset" 322
"../../Plugins/2D/Paper2D/Content/PlaceholderTextures/DummySpriteTexture.uasset" 323
"../../Plugins/2D/Paper2D/Content/DummySprite.uasset" 324
"../../Plugins/2D/Paper2D/Content/DefaultPaperTerrainMaterial.uasset" 325
"../../Plugins/2D/Paper2D/Content/DefaultSpriteMaterial.uasset" 326
"../../Plugins/2D/Paper2D/Content/MaskedUnlitSpriteMaterial.uasset" 327
"../../Plugins/2D/Paper2D/Content/OpaqueUnlitSpriteMaterial.uasset" 328
"../../Plugins/Runtime/Oculus/OculusVR/Content/Materials/PokeAHoleMaterial.uasset" 329
"../../Plugins/Runtime/Oculus/OculusVR/Content/Textures/GearVRController_AO.uasset" 330
"../../Plugins/Runtime/Oculus/OculusVR/Content/Textures/GearVRController_Color.uasset" 331
"../../Plugins/Runtime/Oculus/OculusVR/Content/Textures/GearVRController_Normal.uasset" 332
"../../Plugins/Runtime/Oculus/OculusVR/Content/Materials/GearVRControllerMaterial.uasset" 333
"../../Plugins/Runtime/Oculus/OculusVR/Content/Meshes/GearVrController.uasset" 334
"../../Plugins/Runtime/Oculus/OculusVR/Content/Textures/touchController_albedo.uasset" 335
"../../Plugins/Runtime/Oculus/OculusVR/Content/Textures/touchController_controlmap.uasset" 336
"../../Plugins/Runtime/Oculus/OculusVR/Content/Materials/touchController_mat.uasset" 337
"../../Plugins/Runtime/Oculus/OculusVR/Content/Meshes/LeftTouchController.uasset" 338
"../../Plugins/Runtime/Oculus/OculusVR/Content/Meshes/RiftHMD.uasset" 339
"../../Plugins/Runtime/Oculus/OculusVR/Content/Meshes/RightTouchController.uasset" 340
"../../../../../../Users/Hiran/Documents/Unreal Projects/MyProject/Content/vf.uasset" 341
"../../../../../../Users/Hiran/Documents/Unreal Projects/MyProject/Content/KiteDemo/Environments/Foliage/BogMyrtle_01/BogMyrtle_01_Atlas_Normal_Tex.uasset" 342
"../../../../../../Users/Hiran/Documents/Unreal Projects/MyProject/Content/KiteDemo/Environments/Foliage/BogMyrtle_01/BogMyrtle_01_Atlas_Tex.uasset" 343
"../../../../../../Users/Hiran/Documents/Unreal Projects/MyProject/Content/KiteDemo/Environments/Foliage/BogMyrtle_01/T_BogMyrtleBtm_01_D.uasset" 344
"../../../../../../Users/Hiran/Documents/Unreal Projects/MyProject/Content/KiteDemo/Environments/Foliage/BogMyrtle_01/T_BogMyrtleBtm_01_N.uasset" 345
"../../../../../../Users/Hiran/Documents/Unreal Projects/MyProject/Content/KiteDemo/Environments/Foliage/BogMyrtle_01/BogMyrtle_01_Fronds_Mat.uasset" 346
"../../../Engine/Content/Functions/Engine_MaterialFunctions01/SpeedTree/SpeedTreeColorVariation.uasset" 347
"../../../../../../Users/Hiran/Documents/Unreal Projects/MyProject/Content/KiteDemo/Environments/Foliage/BogMyrtle_01/BogMyrtle_01_Atlas_Billboards_Normal_Tex.uasset" 348
"../../../../../../Users/Hiran/Documents/Unreal Projects/MyProject/Content/KiteDemo/Environments/Foliage/BogMyrtle_01/BogMyrtle_01_Atlas_Billboards_Tex.uasset" 349
"../../../../../../Users/Hiran/Documents/Unreal Projects/MyProject/Content/KiteDemo/Environments/Foliage/BogMyrtle_01/BogMyrtle_01_Billboard_Mat.uasset" 350
"../../../../../../Users/Hiran/Documents/Unreal Projects/MyProject/Content/KiteDemo/Environments/Foliage/BogMyrtleBush_01/BogMyrtleBush_01_Atlas_Billboards_Normal_Tex.uasset" 351
"../../../../../../Users/Hiran/Documents/Unreal Projects/MyProject/Content/KiteDemo/Environments/Foliage/BogMyrtleBush_01/BogMyrtleBush_01_Atlas_Billboards_Tex.uasset" 352
"../../../../../../Users/Hiran/Documents/Unreal Projects/MyProject/Content/KiteDemo/Environments/Foliage/BogMyrtleBush_01/MI_BogMyrtleBush_01_Billboard.uasset" 353
"../../../../../../Users/Hiran/Documents/Unreal Projects/MyProject/Content/KiteDemo/Environments/Foliage/BogMyrtleBush_01/BogMyrtleBush_01.uasset" 354
"../../../Engine/Content/Functions/Engine_MaterialFunctions01/WorldPositionOffset/SimpleGrassWind.uasset" 355
"../../../Engine/Content/Functions/Engine_MaterialFunctions02/ObjectLocalToWorldData.uasset" 356
"../../../Engine/Content/Functions/Engine_MaterialFunctions02/WorldPositionOffset/ObjectScale.uasset" 357
"../../../Engine/Content/Functions/Engine_MaterialFunctions02/PivotPainter/PivotPainter_PerObjectData.uasset" 358
"../../../Engine/Content/Functions/Engine_MaterialFunctions02/WorldPositionOffset/Wind.uasset" 359
"../../../Engine/Content/Functions/Engine_MaterialFunctions02/PivotPainter/PivotPainter_PerObjectFoliageData.uasset" 360
"../../../../../../Users/Hiran/Documents/Unreal Projects/MyProject/Content/KiteDemo/Material/WorldCoords-XY.uasset" 361
"../../../../../../Users/Hiran/Documents/Unreal Projects/MyProject/Content/KiteDemo/Environments/Foliage/Ferns/T_Fern_01_D.uasset" 362
"../../../../../../Users/Hiran/Documents/Unreal Projects/MyProject/Content/KiteDemo/Environments/Foliage/Ferns/T_Fern_01_N.uasset" 363
"../../../../../../Users/Hiran/Documents/Unreal Projects/MyProject/Content/KiteDemo/Environments/Foliage/Ferns/T_Ice_Noise_N.uasset" 364
"../../../../../../Users/Hiran/Documents/Unreal Projects/MyProject/Content/KiteDemo/Environments/Foliage/Ferns/T_TilingNoise06_N.uasset" 365
"../../../../../../Users/Hiran/Documents/Unreal Projects/MyProject/Content/KiteDemo/Environments/Textures/T_Water_N.uasset" 366
"../../../../../../Users/Hiran/Documents/Unreal Projects/MyProject/Content/KiteDemo/Environments/Textures/T_Water_Screen_Noise_Soft2.uasset" 367
"../../../../../../Users/Hiran/Documents/Unreal Projects/MyProject/Content/KiteDemo/Environments/Foliage/Ferns/M_Fern_01.uasset" 368
"../../../../../../Users/Hiran/Documents/Unreal Projects/MyProject/Content/KiteDemo/Environments/Foliage/Ferns/SM_Fern_01.uasset" 369
"../../../../../../Users/Hiran/Documents/Unreal Projects/MyProject/Content/KiteDemo/Environments/Textures/T_Water_Screen_Noise_Soft.uasset" 370
"../../../../../../Users/Hiran/Documents/Unreal Projects/MyProject/Content/KiteDemo/Environments/Foliage/Ferns/M_Fern_01_Inst.uasset" 371
"../../../../../../Users/Hiran/Documents/Unreal Projects/MyProject/Content/KiteDemo/Environments/Foliage/Ferns/SM_Fern_02.uasset" 372
"../../../../../../Users/Hiran/Documents/Unreal Projects/MyProject/Content/KiteDemo/Environments/Foliage/Ferns/SM_Fern_03.uasset" 373
"../../../Engine/Content/Functions/Engine_MaterialFunctions01/Gradient/LinearGradient.uasset" 374
"../../../Engine/Content/Functions/Engine_MaterialFunctions01/ImageAdjustment/CheapContrast.uasset" 375
"../../../Engine/Content/Functions/Engine_MaterialFunctions02/SafeNormalize.uasset" 376
"../../../Engine/Content/Functions/Engine_MaterialFunctions02/Math/CreateThirdOrthogonalVector.uasset" 377
"../../../Engine/Content/Functions/Engine_MaterialFunctions02/Utility/BreakOutFloat3Components.uasset" 378
"../../../Engine/Content/Functions/Engine_MaterialFunctions02/Math/Transform3x3Matrix.uasset" 379
"../../../Engine/Content/Functions/Engine_MaterialFunctions02/TangentBasis.uasset" 380
"../../../Engine/Content/Functions/Engine_MaterialFunctions02/Utility/BlendAngleCorrectedNormals.uasset" 381
"../../../Engine/Content/Functions/Engine_MaterialFunctions01/WorldPositionOffset/SplineThicken.uasset" 382
"../../../Engine/Content/Functions/Engine_MaterialFunctions02/Texturing/ScreenAlignedPixelToPixelUVs.uasset" 383
"../../../Engine/Content/EngineMaterials/Good64x64TilingNoiseHighFreq.uasset" 384
"../../../Engine/Content/Functions/Engine_MaterialFunctions02/Utility/DitherTemporalAA.uasset" 385
"../../../../../../Users/Hiran/Documents/Unreal Projects/MyProject/Content/KiteDemo/Environments/Foliage/Flowers/FieldScabious/T_FieldScabious01_D.uasset" 386
"../../../../../../Users/Hiran/Documents/Unreal Projects/MyProject/Content/KiteDemo/Environments/Foliage/Flowers/FieldScabious/T_FieldScabious01_M.uasset" 387
"../../../../../../Users/Hiran/Documents/Unreal Projects/MyProject/Content/KiteDemo/Environments/Foliage/Flowers/FieldScabious/T_FieldScabious01_N.uasset" 388
"../../../../../../Users/Hiran/Documents/Unreal Projects/MyProject/Content/KiteDemo/Environments/Foliage/Flowers/FieldScabious/T_SwirlNoise.uasset" 389
"../../../../../../Users/Hiran/Documents/Unreal Projects/MyProject/Content/KiteDemo/Environments/Foliage/Flowers/FieldScabious/M_FieldScabious_01.uasset" 390
"../../../../../../Users/Hiran/Documents/Unreal Projects/MyProject/Content/KiteDemo/Environments/Foliage/Flowers/FieldScabious/M_FieldScabious_01_Inst01.uasset" 391
"../../../../../../Users/Hiran/Documents/Unreal Projects/MyProject/Content/KiteDemo/Environments/Foliage/Flowers/FieldScabious/M_FieldScabious_01_Inst02.uasset" 392
"../../../../../../Users/Hiran/Documents/Unreal Projects/MyProject/Content/KiteDemo/Environments/Foliage/Flowers/FieldScabious/SM_FieldScabious_01.uasset" 393
"../../../../../../Users/Hiran/Documents/Unreal Projects/MyProject/Content/KiteDemo/Environments/Foliage/Flowers/Heather/T_HeatherBranch4_D.uasset" 394
"../../../../../../Users/Hiran/Documents/Unreal Projects/MyProject/Content/KiteDemo/Environments/Foliage/Flowers/Heather/T_HeatherBranch4_Mask2.uasset" 395
"../../../../../../Users/Hiran/Documents/Unreal Projects/MyProject/Content/KiteDemo/Environments/Foliage/Flowers/Heather/T_HeatherBranch4_N.uasset" 396
"../../../../../../Users/Hiran/Documents/Unreal Projects/MyProject/Content/KiteDemo/Environments/Foliage/Flowers/Heather/T_Ice_Noise.uasset" 397
"../../../../../../Users/Hiran/Documents/Unreal Projects/MyProject/Content/KiteDemo/Environments/Foliage/Flowers/Heather/M_HeatherNew_Master.uasset" 398
"../../../../../../Users/Hiran/Documents/Unreal Projects/MyProject/Content/KiteDemo/Environments/Textures/T_GDC_TilingRocks_01_DispMask.uasset" 399
"../../../../../../Users/Hiran/Documents/Unreal Projects/MyProject/Content/KiteDemo/Environments/Foliage/Flowers/Heather/M_HeatherPatches_Inst2.uasset" 400
"../../../../../../Users/Hiran/Documents/Unreal Projects/MyProject/Content/KiteDemo/Environments/Foliage/Flowers/Heather/SM_Heather_Mesh_Clumps2.uasset" 401
"../../../../../../Users/Hiran/Documents/Unreal Projects/MyProject/Content/KiteDemo/Environments/Foliage/Grass/FieldGrass/T_FieldGrass_01_D.uasset" 402
"../../../../../../Users/Hiran/Documents/Unreal Projects/MyProject/Content/KiteDemo/Environments/Foliage/Grass/FieldGrass/T_FieldGrass_02_M.uasset" 403
"../../../../../../Users/Hiran/Documents/Unreal Projects/MyProject/Content/KiteDemo/Environments/Foliage/Grass/FieldGrass/M_FieldGrass_01.uasset" 404
"../../../../../../Users/Hiran/Documents/Unreal Projects/MyProject/Content/KiteDemo/Environments/Foliage/Grass/FieldGrass/M_FieldGrass_Inst_01.uasset" 405
"../../../../../../Users/Hiran/Documents/Unreal Projects/MyProject/Content/KiteDemo/Environments/Foliage/Grass/FieldGrass/M_FieldGrass_Inst_01_LOD1.uasset" 406
"../../../../../../Users/Hiran/Documents/Unreal Projects/MyProject/Content/KiteDemo/Environments/Foliage/Grass/FieldGrass/M_FieldGrass_Inst_01_LOD2.uasset" 407
"../../../../../../Users/Hiran/Documents/Unreal Projects/MyProject/Content/KiteDemo/Environments/Foliage/Grass/FieldGrass/SM_FieldGrass_01.uasset" 408
"../../../Engine/Content/EngineMaterials/FlatNormal.uasset" 409
"../../../Engine/Content/EngineResources/Black.uasset" 410
"../../../../../../Users/Hiran/Documents/Unreal Projects/MyProject/Content/KiteDemo/Textures/T_CliffRock_03_N.uasset" 411
"../../../../../../Users/Hiran/Documents/Unreal Projects/MyProject/Content/KiteDemo/Textures/T_CliffRockTile_03_D.uasset" 412
"../../../../../../Users/Hiran/Documents/Unreal Projects/MyProject/Content/KiteDemo/Material/M_Photoscan_Master.uasset" 413
"../../../../../../Users/Hiran/Documents/Unreal Projects/MyProject/Content/KiteDemo/Environments/Rocks/Boulder_05a/T_Boulder05_N.uasset" 414
"../../../../../../Users/Hiran/Documents/Unreal Projects/MyProject/Content/KiteDemo/Environments/Rocks/Boulder_05a/T_Boulder05_D_CC_R.uasset" 415
"../../../../../../Users/Hiran/Documents/Unreal Projects/MyProject/Content/KiteDemo/Environments/Rocks/Boulder_05a/MI_Boulder05a.uasset" 416
"../../../../../../Users/Hiran/Documents/Unreal Projects/MyProject/Content/KiteDemo/Environments/Rocks/Boulder_05a/SM_Boulder05a.uasset" 417
"../../../../../../Users/Hiran/Documents/Unreal Projects/MyProject/Content/KiteDemo/Environments/Rocks/GroundRevealRock001/T_GroundRevealRock001a_N.uasset" 418
"../../../../../../Users/Hiran/Documents/Unreal Projects/MyProject/Content/KiteDemo/Environments/Rocks/GroundRevealRock001/T_GroundRevealRock001a_D_CC_R.uasset" 419
"../../../../../../Users/Hiran/Documents/Unreal Projects/MyProject/Content/KiteDemo/Environments/Rocks/GroundRevealRock001/MI_GroundRevealRock001a.uasset" 420
"../../../../../../Users/Hiran/Documents/Unreal Projects/MyProject/Content/KiteDemo/Environments/Rocks/GroundRevealRock001/SM_GroundRevealRock001.uasset" 421
"../../../../../../Users/Hiran/Documents/Unreal Projects/MyProject/Content/KiteDemo/Environments/Rocks/Large_Volcanic_Rock_001/T_GDC_LargeVolcanicRock_001_N.uasset" 422
"../../../../../../Users/Hiran/Documents/Unreal Projects/MyProject/Content/KiteDemo/Environments/Rocks/Large_Volcanic_Rock_001/T_GDC_LargeVolcanicRock_001_D2_R.uasset" 423
"../../../../../../Users/Hiran/Documents/Unreal Projects/MyProject/Content/KiteDemo/Environments/Rocks/Large_Volcanic_Rock_001/MI_Large_VolcanicRock_002.uasset" 424
"../../../../../../Users/Hiran/Documents/Unreal Projects/MyProject/Content/KiteDemo/Environments/Rocks/Large_Volcanic_Rock_001/LargeVolcanicRock_003.uasset" 425
"../../../../../../Users/Hiran/Documents/Unreal Projects/MyProject/Content/KiteDemo/Environments/Rocks/Mountain_RockFace_002/T_MountainRock_Closed_D2.uasset" 426
"../../../../../../Users/Hiran/Documents/Unreal Projects/MyProject/Content/KiteDemo/Environments/Rocks/Mountain_RockFace_002/T_MountainRock_Closed_N.uasset" 427
"../../../../../../Users/Hiran/Documents/Unreal Projects/MyProject/Content/KiteDemo/Environments/Rocks/Mountain_RockFace_002/MI_MountainRock_Closed.uasset" 428
"../../../../../../Users/Hiran/Documents/Unreal Projects/MyProject/Content/KiteDemo/Environments/Rocks/Mountain_RockFace_002/SM_MountainRock_Closed.uasset" 429
"../../../../../../Users/Hiran/Documents/Unreal Projects/MyProject/Content/KiteDemo/Environments/Trees/HillTree_02/HillTree_01_Atlas_Billboards_Normal_Tex.uasset" 430
"../../../../../../Users/Hiran/Documents/Unreal Projects/MyProject/Content/KiteDemo/Environments/Trees/HillTree_02/HillTree_01_Atlas_Billboards_Tex.uasset" 431
"../../../../../../Users/Hiran/Documents/Unreal Projects/MyProject/Content/KiteDemo/Environments/Trees/HillTree_02/HillTree_01_Billboard_Mat.uasset" 432
"../../../../../../Users/Hiran/Documents/Unreal Projects/MyProject/Content/KiteDemo/Environments/Trees/HillTree_02/T_Craghead_Oak_LimbTile_02_D_Tex.uasset" 433
"../../../../../../Users/Hiran/Documents/Unreal Projects/MyProject/Content/KiteDemo/Environments/Trees/HillTree_02/T_Craghead_Oak_LimbTile_02_N_Tex.uasset" 434
"../../../../../../Users/Hiran/Documents/Unreal Projects/MyProject/Content/KiteDemo/Environments/Trees/HillTree_02/HillTree_01_Branches_2_Mat.uasset" 435
"../../../../../../Users/Hiran/Documents/Unreal Projects/MyProject/Content/KiteDemo/Environments/Trees/HillTree_02/T_Craghead_Oak_Tile_01_D_Tex.uasset" 436
"../../../../../../Users/Hiran/Documents/Unreal Projects/MyProject/Content/KiteDemo/Environments/Trees/HillTree_02/T_Craghead_Oak_Tile_01_N_Tex.uasset" 437
"../../../../../../Users/Hiran/Documents/Unreal Projects/MyProject/Content/KiteDemo/Environments/Trees/HillTree_02/T_Craghead_Oak_TileMoss_01_D_Tex.uasset" 438
"../../../../../../Users/Hiran/Documents/Unreal Projects/MyProject/Content/KiteDemo/Environments/Trees/HillTree_02/HillTree_01_Branches_Mat.uasset" 439
"../../../../../../Users/Hiran/Documents/Unreal Projects/MyProject/Content/KiteDemo/Environments/Trees/HillTree_02/HillTree_01_Fronds_Mat.uasset" 440
"../../../../../../Users/Hiran/Documents/Unreal Projects/MyProject/Content/KiteDemo/Environments/Trees/HillTree_02/HillTree_01_Atlas_Normal_Tex.uasset" 441
"../../../../../../Users/Hiran/Documents/Unreal Projects/MyProject/Content/KiteDemo/Environments/Trees/HillTree_02/HillTree_01_Atlas_Specular_Tex.uasset" 442
"../../../../../../Users/Hiran/Documents/Unreal Projects/MyProject/Content/KiteDemo/Environments/Trees/HillTree_02/HillTree_01_Atlas_Tex.uasset" 443
"../../../../../../Users/Hiran/Documents/Unreal Projects/MyProject/Content/KiteDemo/Environments/Trees/HillTree_02/HillTree_01_Leaves_Mat.uasset" 444
"../../../Engine/Content/Functions/Engine_MaterialFunctions02/Utility/VectorToRadialValue.uasset" 445
"../../../Engine/Content/ArtTools/RenderToTexture/MaterialFunctions/FoliageZRotation.uasset" 446
"../../../Engine/Content/Functions/Engine_MaterialFunctions02/Math/Pi.uasset" 447
"../../../Engine/Content/ArtTools/RenderToTexture/MaterialFunctions/ImposterUVs.uasset" 448
"../../../Engine/Content/Functions/Engine_MaterialFunctions02/ExampleContent/Textures/SphereRenderMask.uasset" 449
"../../../../../../Users/Hiran/Documents/Unreal Projects/MyProject/Content/KiteDemo/Environments/Trees/HillTree_02/T_HillTreeBillboard_01.uasset" 450
"../../../../../../Users/Hiran/Documents/Unreal Projects/MyProject/Content/KiteDemo/Environments/Trees/HillTree_02/T_HillTreeBillboard_01_Depth.uasset" 451
"../../../../../../Users/Hiran/Documents/Unreal Projects/MyProject/Content/KiteDemo/Environments/Trees/HillTree_02/T_HillTreeBillboard_01_N.uasset" 452
"../../../../../../Users/Hiran/Documents/Unreal Projects/MyProject/Content/KiteDemo/Environments/Trees/HillTree_02/T_HillTreeBillboard_01_S_R.uasset" 453
"../../../../../../Users/Hiran/Documents/Unreal Projects/MyProject/Content/KiteDemo/Environments/Trees/HillTree_02/T_HillTreeBillboard_01_SSS.uasset" 454
"../../../../../../Users/Hiran/Documents/Unreal Projects/MyProject/Content/KiteDemo/Environments/Trees/HillTree_02/M_CustomDepthBillboard.uasset" 455
"../../../../../../Users/Hiran/Documents/Unreal Projects/MyProject/Content/KiteDemo/Environments/Trees/HillTree_02/M_CustomDepthBillboard_Inst.uasset" 456
"../../../../../../Users/Hiran/Documents/Unreal Projects/MyProject/Content/KiteDemo/Environments/Trees/HillTree_02/HillTree_02.uasset" 457
"../../../../../../Users/Hiran/Documents/Unreal Projects/MyProject/Content/KiteDemo/Environments/Trees/ScotsPine_01/T_ScotsPine_Bark_01_N_Tex.uasset" 458
"../../../../../../Users/Hiran/Documents/Unreal Projects/MyProject/Content/KiteDemo/Environments/Trees/ScotsPine_01/T_ScotsPine_Bark_01_Tex.uasset" 459
"../../../../../../Users/Hiran/Documents/Unreal Projects/MyProject/Content/KiteDemo/Environments/Trees/ScotsPine_01/T_ScotsPine_Bark_03_D_Tex.uasset" 460
"../../../../../../Users/Hiran/Documents/Unreal Projects/MyProject/Content/KiteDemo/Environments/Trees/ScotsPine_01/ScotsPine_01_Branches_2_Mat.uasset" 461
"../../../../../../Users/Hiran/Documents/Unreal Projects/MyProject/Content/KiteDemo/Environments/Trees/ScotsPine_01/T_ScotsPine_Bark_03_N.uasset" 462
"../../../../../../Users/Hiran/Documents/Unreal Projects/MyProject/Content/KiteDemo/Environments/Trees/ScotsPine_01/ScotsPine_01_Branches_Mat.uasset" 463
"../../../../../../Users/Hiran/Documents/Unreal Projects/MyProject/Content/KiteDemo/Environments/Trees/ScotsPine_01/ScotsPine_01_Fronds_Mat.uasset" 464
"../../../../../../Users/Hiran/Documents/Unreal Projects/MyProject/Content/KiteDemo/Environments/Trees/ScotsPine_01/ScotsPine_01_Atlas_Normal_Tex.uasset" 465
"../../../../../../Users/Hiran/Documents/Unreal Projects/MyProject/Content/KiteDemo/Environments/Trees/ScotsPine_01/ScotsPine_01_Atlas_Specular_Tex.uasset" 466
"../../../../../../Users/Hiran/Documents/Unreal Projects/MyProject/Content/KiteDemo/Environments/Trees/ScotsPine_01/ScotsPine_01_Atlas_Tex.uasset" 467
"../../../../../../Users/Hiran/Documents/Unreal Projects/MyProject/Content/KiteDemo/Environments/Trees/ScotsPine_01/ScotsPine_01_Leaves_Mat.uasset" 468
"../../../../../../Users/Hiran/Documents/Unreal Projects/MyProject/Content/KiteDemo/Environments/Trees/ScotsPineTall_01/ScotsPineTall_01_Atlas_Billboards_Normal_Tex.uasset" 469
"../../../../../../Users/Hiran/Documents/Unreal Projects/MyProject/Content/KiteDemo/Environments/Trees/ScotsPineTall_01/ScotsPineTall_01_Atlas_Billboards_Tex.uasset" 470
"../../../../../../Users/Hiran/Documents/Unreal Projects/MyProject/Content/KiteDemo/Environments/Trees/ScotsPineTall_01/ScotsPineTall_01_Billboard_Mat.uasset" 471
"../../../../../../Users/Hiran/Documents/Unreal Projects/MyProject/Content/KiteDemo/Environments/Trees/ScotsPineTall_01/ScotsPineTall_01.uasset" 472
"../../../../../../Users/Hiran/Documents/Unreal Projects/MyProject/Content/KiteDemo/Environments/Trees/Tree_Stump_01/D_Tree_Stump_01_N.uasset" 473
"../../../../../../Users/Hiran/Documents/Unreal Projects/MyProject/Content/KiteDemo/Environments/Trees/Tree_Stump_01/D_Tree_Stump_01_D_R.uasset" 474
"../../../../../../Users/Hiran/Documents/Unreal Projects/MyProject/Content/KiteDemo/Environments/Trees/Tree_Stump_01/MI_Tree_Stump_01.uasset" 475
"../../../../../../Users/Hiran/Documents/Unreal Projects/MyProject/Content/KiteDemo/Environments/Trees/Tree_Stump_01/Tree_Stump_01.uasset" 476
"../../../../../../Users/Hiran/Documents/Unreal Projects/MyProject/Content/KiteDemo/Environments/Trees/Vegetation_Debris_002/T_Vegetation_Debris_002_N.uasset" 477
"../../../../../../Users/Hiran/Documents/Unreal Projects/MyProject/Content/KiteDemo/Environments/Trees/Vegetation_Debris_002/T_Vegetation_Debris_002_D_R.uasset" 478
"../../../../../../Users/Hiran/Documents/Unreal Projects/MyProject/Content/KiteDemo/Environments/Trees/Vegetation_Debris_002/MI_Vegetation_Debris_002.uasset" 479
"../../../../../../Users/Hiran/Documents/Unreal Projects/MyProject/Content/KiteDemo/Environments/Trees/Vegetation_Debris_002/SM_Vegetation_Debris_002.uasset" 480
"../../../../../../Users/Hiran/Documents/Unreal Projects/MyProject/Content/Cinematics/Sequences/RecordedSequence/RecordedSequence.uasset" 481
"../../../../../../Users/Hiran/Documents/Unreal Projects/MyProject/Content/Cinematics/Sequences/Animations/RecordedSequence_ThirdPersonCharacter.uasset" 482
"../../../../../../Users/Hiran/Documents/Unreal Projects/MyProject/Content/Cinematics/Sequences/Animations/RecordedSequence_ThirdPersonCharacter_0.uasset" 483
"../../../../../../Users/Hiran/Documents/Unreal Projects/MyProject/Content/Cinematics/Sequences/Animations/RecordedSequence_ThirdPersonCharacter_1.uasset" 484
"../../../../../../Users/Hiran/Documents/Unreal Projects/MyProject/Content/Cinematics/Sequences/RecordedSequence/RecordedSequence_0.uasset" 485
"../../../../../../Users/Hiran/Documents/Unreal Projects/MyProject/Content/Cinematics/Sequences/Animations/RecordedSequence_ThirdPersonCharacter_2.uasset" 486
"../../../../../../Users/Hiran/Documents/Unreal Projects/MyProject/Content/Cinematics/Sequences/Animations/RecordedSequence_ThirdPersonCharacter_3.uasset" 487
"../../../../../../Users/Hiran/Documents/Unreal Projects/MyProject/Content/Cinematics/Sequences/Animations/RecordedSequence_ThirdPersonCharacter_4.uasset" 488
"../../../../../../Users/Hiran/Documents/Unreal Projects/MyProject/Content/Cinematics/Sequences/RecordedSequence/RecordedSequence_1.uasset" 489
"../../../../../../Users/Hiran/Documents/Unreal Projects/MyProject/Content/Cinematics/Sequences/Animations/RecordedSequence_ThirdPersonCharacter_5.uasset" 490
"../../../../../../Users/Hiran/Documents/Unreal Projects/MyProject/Content/Cinematics/Sequences/RecordedSequence/RecordedSequence_2.uasset" 491
"../../../Engine/Content/Maps/Entry_BuiltData.uasset" 492
"../../../Engine/Content/Maps/Entry.umap" 493
"../../../Engine/Content/EngineSky/C_Sky_Cloud_Color.uasset" 494
"../../../Engine/Content/EngineSky/C_Sky_Horizon_Color.uasset" 495
"../../../Engine/Content/EngineSky/C_Sky_Zenith_Color.uasset" 496
"../../../Engine/Content/EngineSky/T_Sky_Blue.uasset" 497
"../../../Engine/Content/EngineSky/T_Sky_Clouds_M.uasset" 498
"../../../Engine/Content/EngineSky/T_Sky_Stars.uasset" 499
"../../../Engine/Content/EngineSky/M_Sky_Panning_Clouds2.uasset" 500
"../../../Engine/Content/EngineSky/SM_SkySphere.uasset" 501
"../../../Engine/Content/EngineSky/BP_Sky_Sphere.uasset" 502
"../../../../../../Users/Hiran/Documents/Unreal Projects/MyProject/Content/ThirdPersonBP/Maps/ThirdPersonExampleMap_BuiltData.uasset" 503
"../../../../../../Users/Hiran/Documents/Unreal Projects/MyProject/Content/KiteDemo/Environments/GroundTiles/Grass/T_Ground_Grass_N.uasset" 504
"../../../../../../Users/Hiran/Documents/Unreal Projects/MyProject/Content/KiteDemo/Environments/GroundTiles/Grass/T_GDC_Grass01_D_NoisyAlpha.uasset" 505
"../../../../../../Users/Hiran/Documents/Unreal Projects/MyProject/Content/baseMaterial.uasset" 506
"../../../../../../Users/Hiran/Documents/Unreal Projects/MyProject/Content/ThirdPersonBP/Maps/ThirdPersonExampleMap.umap" 507
